Determining if the pthread_create exist failed with the following output:
Change Dir: /home/alessandro/Scaricati/Prova 4.1/menu/cmake-build-debug/CMakeFiles/CMakeTmp

Run Build Command:"/usr/bin/make" "cmTC_d93c0/fast"
/usr/bin/make -f CMakeFiles/cmTC_d93c0.dir/build.make CMakeFiles/cmTC_d93c0.dir/build
make[1]: ingresso nella directory "/home/alessandro/Scaricati/Prova 4.1/menu/cmake-build-debug/CMakeFiles/CMakeTmp"
Building C object CMakeFiles/cmTC_d93c0.dir/CheckSymbolExists.c.o
/usr/bin/cc    -o CMakeFiles/cmTC_d93c0.dir/CheckSymbolExists.c.o   -c "/home/alessandro/Scaricati/Prova 4.1/menu/cmake-build-debug/CMakeFiles/CMakeTmp/CheckSymbolExists.c"
Linking C executable cmTC_d93c0
/home/alessandro/Scaricati/clion-2018.1.3/bin/cmake/bin/cmake -E cmake_link_script CMakeFiles/cmTC_d93c0.dir/link.txt --verbose=1
/usr/bin/cc      -rdynamic CMakeFiles/cmTC_d93c0.dir/CheckSymbolExists.c.o  -o cmTC_d93c0 
CMakeFiles/cmTC_d93c0.dir/CheckSymbolExists.c.o: nella funzione "main":
CheckSymbolExists.c:(.text+0x1b): riferimento non definito a "pthread_create"
collect2: error: ld returned 1 exit status
CMakeFiles/cmTC_d93c0.dir/build.make:97: recipe for target 'cmTC_d93c0' failed
make[1]: *** [cmTC_d93c0] Error 1
make[1]: uscita dalla directory "/home/alessandro/Scaricati/Prova 4.1/menu/cmake-build-debug/CMakeFiles/CMakeTmp"
Makefile:126: recipe for target 'cmTC_d93c0/fast' failed
make: *** [cmTC_d93c0/fast] Error 2

File /home/alessandro/Scaricati/Prova 4.1/menu/cmake-build-debug/CMakeFiles/CMakeTmp/CheckSymbolExists.c:
/* */
#include <pthread.h>

int main(int argc, char** argv)
{
  (void)argv;
#ifndef pthread_create
  return ((int*)(&pthread_create))[argc];
#else
  (void)argc;
  return 0;
#endif
}

Determining if the function pthread_create exists in the pthreads failed with the following output:
Change Dir: /home/alessandro/Scaricati/Prova 4.1/menu/cmake-build-debug/CMakeFiles/CMakeTmp

Run Build Command:"/usr/bin/make" "cmTC_4619a/fast"
/usr/bin/make -f CMakeFiles/cmTC_4619a.dir/build.make CMakeFiles/cmTC_4619a.dir/build
make[1]: ingresso nella directory "/home/alessandro/Scaricati/Prova 4.1/menu/cmake-build-debug/CMakeFiles/CMakeTmp"
Building C object CMakeFiles/cmTC_4619a.dir/CheckFunctionExists.c.o
/usr/bin/cc   -DCHECK_FUNCTION_EXISTS=pthread_create   -o CMakeFiles/cmTC_4619a.dir/CheckFunctionExists.c.o   -c /home/alessandro/Scaricati/clion-2018.1.3/bin/cmake/share/cmake-3.10/Modules/CheckFunctionExists.c
Linking C executable cmTC_4619a
/home/alessandro/Scaricati/clion-2018.1.3/bin/cmake/bin/cmake -E cmake_link_script CMakeFiles/cmTC_4619a.dir/link.txt --verbose=1
/usr/bin/cc  -DCHECK_FUNCTION_EXISTS=pthread_create    -rdynamic CMakeFiles/cmTC_4619a.dir/CheckFunctionExists.c.o  -o cmTC_4619a -lpthreads 
/usr/bin/ld: impossibile trovare -lpthreads
collect2: error: ld returned 1 exit status
CMakeFiles/cmTC_4619a.dir/build.make:97: recipe for target 'cmTC_4619a' failed
make[1]: *** [cmTC_4619a] Error 1
make[1]: uscita dalla directory "/home/alessandro/Scaricati/Prova 4.1/menu/cmake-build-debug/CMakeFiles/CMakeTmp"
Makefile:126: recipe for target 'cmTC_4619a/fast' failed
make: *** [cmTC_4619a/fast] Error 2


